0 info it worked if it ends with ok
1 verbose cli [ 'C:\\Program Files\\nodejs\\\\node.exe',
1 verbose cli   'C:\\Program Files\\nodejs\\node_modules\\npm\\bin\\npm-cli.js',
1 verbose cli   'instal',
1 verbose cli   'grunt-contribe-clean' ]
2 info using npm@1.4.28
3 info using node@v0.10.33
4 verbose node symlink C:\Program Files\nodejs\\node.exe
5 warn package.json my-project-name@0.1.0 No description
6 warn package.json my-project-name@0.1.0 No repository field.
7 warn package.json my-project-name@0.1.0 No README data
8 verbose readDependencies using package.json deps
9 verbose cache add [ 'grunt-contribe-clean', null ]
10 verbose cache add name=undefined spec="grunt-contribe-clean" args=["grunt-contribe-clean",null]
11 verbose parsed url { protocol: null,
11 verbose parsed url   slashes: null,
11 verbose parsed url   auth: null,
11 verbose parsed url   host: null,
11 verbose parsed url   port: null,
11 verbose parsed url   hostname: null,
11 verbose parsed url   hash: null,
11 verbose parsed url   search: null,
11 verbose parsed url   query: null,
11 verbose parsed url   pathname: 'grunt-contribe-clean',
11 verbose parsed url   path: 'grunt-contribe-clean',
11 verbose parsed url   href: 'grunt-contribe-clean' }
12 silly lockFile fc6344e8-grunt-contribe-clean grunt-contribe-clean
13 verbose lock grunt-contribe-clean C:\Users\Ian.Fajardo\AppData\Roaming\npm-cache\fc6344e8-grunt-contribe-clean.lock
14 silly lockFile fc6344e8-grunt-contribe-clean grunt-contribe-clean
15 silly lockFile fc6344e8-grunt-contribe-clean grunt-contribe-clean
16 verbose addNamed [ 'grunt-contribe-clean', '' ]
17 verbose addNamed [ null, '*' ]
18 silly lockFile 4cd68465-grunt-contribe-clean grunt-contribe-clean@
19 verbose lock grunt-contribe-clean@ C:\Users\Ian.Fajardo\AppData\Roaming\npm-cache\4cd68465-grunt-contribe-clean.lock
20 silly addNameRange { name: 'grunt-contribe-clean', range: '*', hasData: false }
21 verbose request where is /grunt-contribe-clean
22 verbose request registry https://registry.npmjs.org/
23 verbose request id d122ca3a0f4530de
24 verbose url raw /grunt-contribe-clean
25 verbose url resolving [ 'https://registry.npmjs.org/', './grunt-contribe-clean' ]
26 verbose url resolved https://registry.npmjs.org/grunt-contribe-clean
27 verbose request where is https://registry.npmjs.org/grunt-contribe-clean
28 info trying registry request attempt 1 at 11:28:45
29 http GET https://registry.npmjs.org/grunt-contribe-clean
30 http 404 https://registry.npmjs.org/grunt-contribe-clean
31 verbose headers { date: 'Tue, 23 Dec 2014 16:28:46 GMT',
31 verbose headers   server: 'CouchDB/1.5.0 (Erlang OTP/R16B03)',
31 verbose headers   'content-type': 'application/json',
31 verbose headers   'cache-control': 'max-age=0',
31 verbose headers   'content-length': '52',
31 verbose headers   'accept-ranges': 'bytes',
31 verbose headers   via: '1.1 varnish',
31 verbose headers   age: '0',
31 verbose headers   'x-served-by': 'cache-atl6226-ATL',
31 verbose headers   'x-cache': 'MISS',
31 verbose headers   'x-cache-hits': '0',
31 verbose headers   'x-timer': 'S1419352125.892373,VS0,VE110',
31 verbose headers   'keep-alive': 'timeout=10, max=50',
31 verbose headers   connection: 'Keep-Alive' }
32 silly registry.get cb [ 404,
32 silly registry.get   { date: 'Tue, 23 Dec 2014 16:28:46 GMT',
32 silly registry.get     server: 'CouchDB/1.5.0 (Erlang OTP/R16B03)',
32 silly registry.get     'content-type': 'application/json',
32 silly registry.get     'cache-control': 'max-age=0',
32 silly registry.get     'content-length': '52',
32 silly registry.get     'accept-ranges': 'bytes',
32 silly registry.get     via: '1.1 varnish',
32 silly registry.get     age: '0',
32 silly registry.get     'x-served-by': 'cache-atl6226-ATL',
32 silly registry.get     'x-cache': 'MISS',
32 silly registry.get     'x-cache-hits': '0',
32 silly registry.get     'x-timer': 'S1419352125.892373,VS0,VE110',
32 silly registry.get     'keep-alive': 'timeout=10, max=50',
32 silly registry.get     connection: 'Keep-Alive' } ]
33 silly lockFile 4cd68465-grunt-contribe-clean grunt-contribe-clean@
34 silly lockFile 4cd68465-grunt-contribe-clean grunt-contribe-clean@
35 error 404 404 Not Found: grunt-contribe-clean
35 error 404
35 error 404 'grunt-contribe-clean' is not in the npm registry.
35 error 404 You should bug the author to publish it
35 error 404 It was specified as a dependency of 'my-project-name'
35 error 404
35 error 404 Note that you can also install from a
35 error 404 tarball, folder, or http url, or git url.
36 error System Windows_NT 6.1.7601
37 error command "C:\\Program Files\\nodejs\\\\node.exe" "C:\\Program Files\\nodejs\\node_modules\\npm\\bin\\npm-cli.js" "instal" "grunt-contribe-clean"
38 error cwd C:\Users\Ian.Fajardo\Documents\Blackbaud\Grunt
39 error node -v v0.10.33
40 error npm -v 1.4.28
41 error code E404
42 verbose exit [ 1, true ]
